<testsuites id="" name="" tests="80" failures="21" skipped="5" errors="0" time="90.91611400000001">
<testsuite name="home.spec.ts" timestamp="2025-07-24T03:46:12.545Z" hostname="chromium" tests="16" failures="3" skipped="1" time="112.197" errors="0">
<testcase name="ホームページ › ページが正しく読み込まれる" classname="home.spec.ts" time="11.893">
</testcase>
<testcase name="ホームページ › ヘッダーコンポーネントが表示される" classname="home.spec.ts" time="11.913">
</testcase>
<testcase name="ホームページ › ヒーローセクションが表示される" classname="home.spec.ts" time="12.034">
</testcase>
<testcase name="ホームページ › フッターが表示される" classname="home.spec.ts" time="11.933">
</testcase>
<testcase name="ホームページ › スプラッシュスクリーンの動作" classname="home.spec.ts" time="12.473">
</testcase>
<testcase name="ホームページ › SEOメタタグが正しく設定されている" classname="home.spec.ts" time="6.035">
<failure message="home.spec.ts:49:7 SEOメタタグが正しく設定されている" type="FAILURE">
<![CDATA[  [chromium] › home.spec.ts:49:7 › ホームページ › SEOメタタグが正しく設定されている ─────────────────────────────────────

    Error: Timed out 5000ms waiting for expect(locator).toHaveAttribute(expected)

    Locator: locator('meta[name="description"]')
    Expected pattern: /美容サロン|予約管理/
    Received string:  "Digitize your beauty salon management with real-time reservations, customer management, LINE integration, and payment systems. Next-generation SaaS platform for hair salons. 30-day free trial. Starting from $60/month."
    Call log:
      - Expect "toHaveAttribute" with timeout 5000ms
      - waiting for locator('meta[name="description"]')
        9 × locator resolved to <meta name="description" content="Digitize your beauty salon management with real-time reservations, customer management, LINE integration, and payment systems. Next-generation SaaS platform for hair salons. 30-day free trial. Starting from $60/month."/>
          - unexpected value "Digitize your beauty salon management with real-time reservations, customer management, LINE integration, and payment systems. Next-generation SaaS platform for hair salons. 30-day free trial. Starting from $60/month."


      50 |     // メタディスクリプションの確認
      51 |     const metaDescription = page.locator('meta[name="description"]')
    > 52 |     await expect(metaDescription).toHaveAttribute('content', /美容サロン|予約管理/)
         |                                   ^
      53 |     
      54 |     // OGPタグの確認
      55 |     const ogTitle = page.locator('meta[property="og:title"]')
        at /Users/atsukisakai/Desktop/bokcer-project/bocker/e2e/home.spec.ts:52:35

    attachment #1: screenshot (image/png) ──────────────────────────────────────────────────────────
    ../test-results/home-ホームページ-SEOメタタグが正しく設定されている-chromium/test-failed-1.png
    ────────────────────────────────────────────────────────────────────────────────────────────────

    attachment #2: video (video/webm) ──────────────────────────────────────────────────────────────
    ../test-results/home-ホームページ-SEOメタタグが正しく設定されている-chromium/video.webm
    ────────────────────────────────────────────────────────────────────────────────────────────────

    Error Context: ../test-results/home-ホームページ-SEOメタタグが正しく設定されている-chromium/error-context.md
]]>
</failure>
<system-out>
<![CDATA[
[[ATTACHMENT|home-ホームページ-SEOメタタグが正しく設定されている-chromium/test-failed-1.png]]

[[ATTACHMENT|home-ホームページ-SEOメタタグが正しく設定されている-chromium/video.webm]]

[[ATTACHMENT|home-ホームページ-SEOメタタグが正しく設定されている-chromium/error-context.md]]
]]>
</system-out>
</testcase>
<testcase name="ホームページ › 構造化データが含まれている" classname="home.spec.ts" time="1.606">
</testcase>
<testcase name="ホームページ › レスポンシブデザインが機能する" classname="home.spec.ts" time="4.196">
</testcase>
<testcase name="ホームページ › 多言語対応（日本語）" classname="home.spec.ts" time="2.095">
</testcase>
<testcase name="ホームページ › 多言語対応（英語）" classname="home.spec.ts" time="1.97">
</testcase>
<testcase name="ホームページ › LINE認証リダイレクトが正常に動作する" classname="home.spec.ts" time="6.606">
<failure message="home.spec.ts:99:7 LINE認証リダイレクトが正常に動作する" type="FAILURE">
<![CDATA[  [chromium] › home.spec.ts:99:7 › ホームページ › LINE認証リダイレクトが正常に動作する ───────────────────────────────────

    Error: Timed out 5000ms waiting for expect(page).toHaveURL(expected)

    Expected pattern: /\/reservation/
    Received string:  "http://localhost:3000/en?liff.state=%252Freservation%252Ftest&code=test-auth-code&state=test-state&liffClientId=test-client-id&liffRedirectUri=test-redirect-uri"
    Call log:
      - Expect "toHaveURL" with timeout 5000ms
        9 × unexpected value "http://localhost:3000/en?liff.state=%252Freservation%252Ftest&code=test-auth-code&state=test-state&liffClientId=test-client-id&liffRedirectUri=test-redirect-uri"


      111 |     
      112 |     // 予約ページにリダイレクトされることを確認
    > 113 |     await expect(page).toHaveURL(/\/reservation/)
          |                        ^
      114 |   })
      115 |
      116 |   test('パフォーマンス: ページ読み込み速度', async ({ page }) => {
        at /Users/atsukisakai/Desktop/bokcer-project/bocker/e2e/home.spec.ts:113:24

    attachment #1: screenshot (image/png) ──────────────────────────────────────────────────────────
    ../test-results/home-ホームページ-LINE認証リダイレクトが正常に動作する-chromium/test-failed-1.png
    ────────────────────────────────────────────────────────────────────────────────────────────────

    attachment #2: video (video/webm) ──────────────────────────────────────────────────────────────
    ../test-results/home-ホームページ-LINE認証リダイレクトが正常に動作する-chromium/video.webm
    ────────────────────────────────────────────────────────────────────────────────────────────────

    Error Context: ../test-results/home-ホームページ-LINE認証リダイレクトが正常に動作する-chromium/error-context.md
]]>
</failure>
<system-out>
<![CDATA[
[[ATTACHMENT|home-ホームページ-LINE認証リダイレクトが正常に動作する-chromium/test-failed-1.png]]

[[ATTACHMENT|home-ホームページ-LINE認証リダイレクトが正常に動作する-chromium/video.webm]]

[[ATTACHMENT|home-ホームページ-LINE認証リダイレクトが正常に動作する-chromium/error-context.md]]
]]>
</system-out>
</testcase>
<testcase name="ホームページ › パフォーマンス: ページ読み込み速度" classname="home.spec.ts" time="2.909">
</testcase>
<testcase name="ホームページ › アクセシビリティ: 基本的なランドマーク" classname="home.spec.ts" time="4.137">
</testcase>
<testcase name="ログイン機能 › Clerkログインフローが正常に動作する" classname="home.spec.ts" time="1.028">
<properties>
<property name="skip" value="ログインボタンが見つかりません - UI実装待ち">
</property>
</properties>
<skipped>
</skipped>
</testcase>
<testcase name="ログイン機能 › ダイレクトログインページアクセス" classname="home.spec.ts" time="18.336">
<failure message="home.spec.ts:199:7 ダイレクトログインページアクセス" type="FAILURE">
<![CDATA[  [chromium] › home.spec.ts:199:7 › ログイン機能 › ダイレクトログインページアクセス ──────────────────────────────────────

    TimeoutError: page.waitForURL: Timeout 15000ms exceeded.
    =========================== logs ===========================
    waiting for navigation until "load"
      navigated to "http://localhost:3000/ja/sign-in"
    ============================================================

      226 |     
      227 |     // ダッシュボードページに遷移されることを確認
    > 228 |     await page.waitForURL(/\/ja\/dashboard/, { timeout: 15000 })
          |                ^
      229 |     
      230 |     // ダッシュボードのコンテンツが表示されることを確認
      231 |     await expect(page.locator('main, [data-testid="dashboard"], body')).toBeVisible()
        at /Users/atsukisakai/Desktop/bokcer-project/bocker/e2e/home.spec.ts:228:16

    attachment #1: screenshot (image/png) ──────────────────────────────────────────────────────────
    ../test-results/home-ログイン機能-ダイレクトログインページアクセス-chromium/test-failed-1.png
    ────────────────────────────────────────────────────────────────────────────────────────────────

    attachment #2: video (video/webm) ──────────────────────────────────────────────────────────────
    ../test-results/home-ログイン機能-ダイレクトログインページアクセス-chromium/video.webm
    ────────────────────────────────────────────────────────────────────────────────────────────────

    Error Context: ../test-results/home-ログイン機能-ダイレクトログインページアクセス-chromium/error-context.md
]]>
</failure>
<system-out>
<![CDATA[
[[ATTACHMENT|home-ログイン機能-ダイレクトログインページアクセス-chromium/test-failed-1.png]]

[[ATTACHMENT|home-ログイン機能-ダイレクトログインページアクセス-chromium/video.webm]]

[[ATTACHMENT|home-ログイン機能-ダイレクトログインページアクセス-chromium/error-context.md]]
]]>
</system-out>
</testcase>
<testcase name="ログイン機能 › ログイン失敗時のエラーハンドリング" classname="home.spec.ts" time="3.033">
</testcase>
</testsuite>
<testsuite name="home.spec.ts" timestamp="2025-07-24T03:46:12.545Z" hostname="firefox" tests="16" failures="3" skipped="1" time="71.209" errors="0">
<testcase name="ホームページ › ページが正しく読み込まれる" classname="home.spec.ts" time="5.266">
</testcase>
<testcase name="ホームページ › ヘッダーコンポーネントが表示される" classname="home.spec.ts" time="5.105">
</testcase>
<testcase name="ホームページ › ヒーローセクションが表示される" classname="home.spec.ts" time="4.657">
</testcase>
<testcase name="ホームページ › フッターが表示される" classname="home.spec.ts" time="4.235">
</testcase>
<testcase name="ホームページ › スプラッシュスクリーンの動作" classname="home.spec.ts" time="4.359">
</testcase>
<testcase name="ホームページ › SEOメタタグが正しく設定されている" classname="home.spec.ts" time="6.033">
<failure message="home.spec.ts:49:7 SEOメタタグが正しく設定されている" type="FAILURE">
<![CDATA[  [firefox] › home.spec.ts:49:7 › ホームページ › SEOメタタグが正しく設定されている ──────────────────────────────────────

    Error: Timed out 5000ms waiting for expect(locator).toHaveAttribute(expected)

    Locator: locator('meta[name="description"]')
    Expected pattern: /美容サロン|予約管理/
    Received string:  "Digitize your beauty salon management with real-time reservations, customer management, LINE integration, and payment systems. Next-generation SaaS platform for hair salons. 30-day free trial. Starting from $60/month."
    Call log:
      - Expect "toHaveAttribute" with timeout 5000ms
      - waiting for locator('meta[name="description"]')
        8 × locator resolved to <meta name="description" content="Digitize your beauty salon management with real-time reservations, customer management, LINE integration, and payment systems. Next-generation SaaS platform for hair salons. 30-day free trial. Starting from $60/month."/>
          - unexpected value "Digitize your beauty salon management with real-time reservations, customer management, LINE integration, and payment systems. Next-generation SaaS platform for hair salons. 30-day free trial. Starting from $60/month."


      50 |     // メタディスクリプションの確認
      51 |     const metaDescription = page.locator('meta[name="description"]')
    > 52 |     await expect(metaDescription).toHaveAttribute('content', /美容サロン|予約管理/)
         |                                   ^
      53 |     
      54 |     // OGPタグの確認
      55 |     const ogTitle = page.locator('meta[property="og:title"]')
        at /Users/atsukisakai/Desktop/bokcer-project/bocker/e2e/home.spec.ts:52:35

    attachment #1: screenshot (image/png) ──────────────────────────────────────────────────────────
    ../test-results/home-ホームページ-SEOメタタグが正しく設定されている-firefox/test-failed-1.png
    ────────────────────────────────────────────────────────────────────────────────────────────────

    attachment #2: video (video/webm) ──────────────────────────────────────────────────────────────
    ../test-results/home-ホームページ-SEOメタタグが正しく設定されている-firefox/video.webm
    ────────────────────────────────────────────────────────────────────────────────────────────────

    Error Context: ../test-results/home-ホームページ-SEOメタタグが正しく設定されている-firefox/error-context.md
]]>
</failure>
<system-out>
<![CDATA[
[[ATTACHMENT|home-ホームページ-SEOメタタグが正しく設定されている-firefox/test-failed-1.png]]

[[ATTACHMENT|home-ホームページ-SEOメタタグが正しく設定されている-firefox/video.webm]]

[[ATTACHMENT|home-ホームページ-SEOメタタグが正しく設定されている-firefox/error-context.md]]
]]>
</system-out>
</testcase>
<testcase name="ホームページ › 構造化データが含まれている" classname="home.spec.ts" time="1.07">
</testcase>
<testcase name="ホームページ › レスポンシブデザインが機能する" classname="home.spec.ts" time="3.931">
</testcase>
<testcase name="ホームページ › 多言語対応（日本語）" classname="home.spec.ts" time="1.579">
</testcase>
<testcase name="ホームページ › 多言語対応（英語）" classname="home.spec.ts" time="1.755">
</testcase>
<testcase name="ホームページ › LINE認証リダイレクトが正常に動作する" classname="home.spec.ts" time="7.099">
<failure message="home.spec.ts:99:7 LINE認証リダイレクトが正常に動作する" type="FAILURE">
<![CDATA[  [firefox] › home.spec.ts:99:7 › ホームページ › LINE認証リダイレクトが正常に動作する ────────────────────────────────────

    Error: Timed out 5000ms waiting for expect(page).toHaveURL(expected)

    Expected pattern: /\/reservation/
    Received string:  "http://localhost:3000/en?liff.state=%252Freservation%252Ftest&code=test-auth-code&state=test-state&liffClientId=test-client-id&liffRedirectUri=test-redirect-uri"
    Call log:
      - Expect "toHaveURL" with timeout 5000ms
        8 × unexpected value "http://localhost:3000/en?liff.state=%252Freservation%252Ftest&code=test-auth-code&state=test-state&liffClientId=test-client-id&liffRedirectUri=test-redirect-uri"


      111 |     
      112 |     // 予約ページにリダイレクトされることを確認
    > 113 |     await expect(page).toHaveURL(/\/reservation/)
          |                        ^
      114 |   })
      115 |
      116 |   test('パフォーマンス: ページ読み込み速度', async ({ page }) => {
        at /Users/atsukisakai/Desktop/bokcer-project/bocker/e2e/home.spec.ts:113:24

    attachment #1: screenshot (image/png) ──────────────────────────────────────────────────────────
    ../test-results/home-ホームページ-LINE認証リダイレクトが正常に動作する-firefox/test-failed-1.png
    ────────────────────────────────────────────────────────────────────────────────────────────────

    attachment #2: video (video/webm) ──────────────────────────────────────────────────────────────
    ../test-results/home-ホームページ-LINE認証リダイレクトが正常に動作する-firefox/video.webm
    ────────────────────────────────────────────────────────────────────────────────────────────────

    Error Context: ../test-results/home-ホームページ-LINE認証リダイレクトが正常に動作する-firefox/error-context.md
]]>
</failure>
<system-out>
<![CDATA[
[[ATTACHMENT|home-ホームページ-LINE認証リダイレクトが正常に動作する-firefox/test-failed-1.png]]

[[ATTACHMENT|home-ホームページ-LINE認証リダイレクトが正常に動作する-firefox/video.webm]]

[[ATTACHMENT|home-ホームページ-LINE認証リダイレクトが正常に動作する-firefox/error-context.md]]
]]>
</system-out>
</testcase>
<testcase name="ホームページ › パフォーマンス: ページ読み込み速度" classname="home.spec.ts" time="3.311">
</testcase>
<testcase name="ホームページ › アクセシビリティ: 基本的なランドマーク" classname="home.spec.ts" time="4.264">
</testcase>
<testcase name="ログイン機能 › Clerkログインフローが正常に動作する" classname="home.spec.ts" time="1.444">
<properties>
<property name="skip" value="ログインボタンが見つかりません - UI実装待ち">
</property>
</properties>
<skipped>
</skipped>
</testcase>
<testcase name="ログイン機能 › ダイレクトログインページアクセス" classname="home.spec.ts" time="16.124">
<failure message="home.spec.ts:199:7 ダイレクトログインページアクセス" type="FAILURE">
<![CDATA[  [firefox] › home.spec.ts:199:7 › ログイン機能 › ダイレクトログインページアクセス ───────────────────────────────────────

    TimeoutError: page.waitForURL: Timeout 15000ms exceeded.
    =========================== logs ===========================
    waiting for navigation until "load"
    ============================================================

      226 |     
      227 |     // ダッシュボードページに遷移されることを確認
    > 228 |     await page.waitForURL(/\/ja\/dashboard/, { timeout: 15000 })
          |                ^
      229 |     
      230 |     // ダッシュボードのコンテンツが表示されることを確認
      231 |     await expect(page.locator('main, [data-testid="dashboard"], body')).toBeVisible()
        at /Users/atsukisakai/Desktop/bokcer-project/bocker/e2e/home.spec.ts:228:16

    attachment #1: screenshot (image/png) ──────────────────────────────────────────────────────────
    ../test-results/home-ログイン機能-ダイレクトログインページアクセス-firefox/test-failed-1.png
    ────────────────────────────────────────────────────────────────────────────────────────────────

    attachment #2: video (video/webm) ──────────────────────────────────────────────────────────────
    ../test-results/home-ログイン機能-ダイレクトログインページアクセス-firefox/video.webm
    ────────────────────────────────────────────────────────────────────────────────────────────────

    Error Context: ../test-results/home-ログイン機能-ダイレクトログインページアクセス-firefox/error-context.md
]]>
</failure>
<system-out>
<![CDATA[
[[ATTACHMENT|home-ログイン機能-ダイレクトログインページアクセス-firefox/test-failed-1.png]]

[[ATTACHMENT|home-ログイン機能-ダイレクトログインページアクセス-firefox/video.webm]]

[[ATTACHMENT|home-ログイン機能-ダイレクトログインページアクセス-firefox/error-context.md]]
]]>
</system-out>
</testcase>
<testcase name="ログイン機能 › ログイン失敗時のエラーハンドリング" classname="home.spec.ts" time="0.977">
</testcase>
</testsuite>
<testsuite name="home.spec.ts" timestamp="2025-07-24T03:46:12.545Z" hostname="webkit" tests="16" failures="5" skipped="1" time="71.112" errors="0">
<testcase name="ホームページ › ページが正しく読み込まれる" classname="home.spec.ts" time="4.808">
</testcase>
<testcase name="ホームページ › ヘッダーコンポーネントが表示される" classname="home.spec.ts" time="4.777">
</testcase>
<testcase name="ホームページ › ヒーローセクションが表示される" classname="home.spec.ts" time="4.485">
</testcase>
<testcase name="ホームページ › フッターが表示される" classname="home.spec.ts" time="4.331">
</testcase>
<testcase name="ホームページ › スプラッシュスクリーンの動作" classname="home.spec.ts" time="1.943">
</testcase>
<testcase name="ホームページ › SEOメタタグが正しく設定されている" classname="home.spec.ts" time="6.31">
<failure message="home.spec.ts:49:7 SEOメタタグが正しく設定されている" type="FAILURE">
<![CDATA[  [webkit] › home.spec.ts:49:7 › ホームページ › SEOメタタグが正しく設定されている ───────────────────────────────────────

    Error: Timed out 5000ms waiting for expect(locator).toHaveAttribute(expected)

    Locator: locator('meta[name="description"]')
    Expected pattern: /美容サロン|予約管理/
    Received string:  "Digitize your beauty salon management with real-time reservations, customer management, LINE integration, and payment systems. Next-generation SaaS platform for hair salons. 30-day free trial. Starting from $60/month."
    Call log:
      - Expect "toHaveAttribute" with timeout 5000ms
      - waiting for locator('meta[name="description"]')
        8 × locator resolved to <meta name="description" content="Digitize your beauty salon management with real-time reservations, customer management, LINE integration, and payment systems. Next-generation SaaS platform for hair salons. 30-day free trial. Starting from $60/month."/>
          - unexpected value "Digitize your beauty salon management with real-time reservations, customer management, LINE integration, and payment systems. Next-generation SaaS platform for hair salons. 30-day free trial. Starting from $60/month."


      50 |     // メタディスクリプションの確認
      51 |     const metaDescription = page.locator('meta[name="description"]')
    > 52 |     await expect(metaDescription).toHaveAttribute('content', /美容サロン|予約管理/)
         |                                   ^
      53 |     
      54 |     // OGPタグの確認
      55 |     const ogTitle = page.locator('meta[property="og:title"]')
        at /Users/atsukisakai/Desktop/bokcer-project/bocker/e2e/home.spec.ts:52:35

    attachment #1: screenshot (image/png) ──────────────────────────────────────────────────────────
    ../test-results/home-ホームページ-SEOメタタグが正しく設定されている-webkit/test-failed-1.png
    ────────────────────────────────────────────────────────────────────────────────────────────────

    attachment #2: video (video/webm) ──────────────────────────────────────────────────────────────
    ../test-results/home-ホームページ-SEOメタタグが正しく設定されている-webkit/video.webm
    ────────────────────────────────────────────────────────────────────────────────────────────────

    Error Context: ../test-results/home-ホームページ-SEOメタタグが正しく設定されている-webkit/error-context.md
]]>
</failure>
<system-out>
<![CDATA[
[[ATTACHMENT|home-ホームページ-SEOメタタグが正しく設定されている-webkit/test-failed-1.png]]

[[ATTACHMENT|home-ホームページ-SEOメタタグが正しく設定されている-webkit/video.webm]]

[[ATTACHMENT|home-ホームページ-SEOメタタグが正しく設定されている-webkit/error-context.md]]
]]>
</system-out>
</testcase>
<testcase name="ホームページ › 構造化データが含まれている" classname="home.spec.ts" time="1.376">
</testcase>
<testcase name="ホームページ › レスポンシブデザインが機能する" classname="home.spec.ts" time="4.139">
</testcase>
<testcase name="ホームページ › 多言語対応（日本語）" classname="home.spec.ts" time="1.765">
</testcase>
<testcase name="ホームページ › 多言語対応（英語）" classname="home.spec.ts" time="1.566">
</testcase>
<testcase name="ホームページ › LINE認証リダイレクトが正常に動作する" classname="home.spec.ts" time="6.631">
<failure message="home.spec.ts:99:7 LINE認証リダイレクトが正常に動作する" type="FAILURE">
<![CDATA[  [webkit] › home.spec.ts:99:7 › ホームページ › LINE認証リダイレクトが正常に動作する ─────────────────────────────────────

    Error: Timed out 5000ms waiting for expect(page).toHaveURL(expected)

    Expected pattern: /\/reservation/
    Received string:  "http://localhost:3000/en?liff.state=%252Freservation%252Ftest&code=test-auth-code&state=test-state&liffClientId=test-client-id&liffRedirectUri=test-redirect-uri"
    Call log:
      - Expect "toHaveURL" with timeout 5000ms
        8 × unexpected value "http://localhost:3000/en?liff.state=%252Freservation%252Ftest&code=test-auth-code&state=test-state&liffClientId=test-client-id&liffRedirectUri=test-redirect-uri"


      111 |     
      112 |     // 予約ページにリダイレクトされることを確認
    > 113 |     await expect(page).toHaveURL(/\/reservation/)
          |                        ^
      114 |   })
      115 |
      116 |   test('パフォーマンス: ページ読み込み速度', async ({ page }) => {
        at /Users/atsukisakai/Desktop/bokcer-project/bocker/e2e/home.spec.ts:113:24

    attachment #1: screenshot (image/png) ──────────────────────────────────────────────────────────
    ../test-results/home-ホームページ-LINE認証リダイレクトが正常に動作する-webkit/test-failed-1.png
    ────────────────────────────────────────────────────────────────────────────────────────────────

    attachment #2: video (video/webm) ──────────────────────────────────────────────────────────────
    ../test-results/home-ホームページ-LINE認証リダイレクトが正常に動作する-webkit/video.webm
    ────────────────────────────────────────────────────────────────────────────────────────────────

    Error Context: ../test-results/home-ホームページ-LINE認証リダイレクトが正常に動作する-webkit/error-context.md
]]>
</failure>
<system-out>
<![CDATA[
[[ATTACHMENT|home-ホームページ-LINE認証リダイレクトが正常に動作する-webkit/test-failed-1.png]]

[[ATTACHMENT|home-ホームページ-LINE認証リダイレクトが正常に動作する-webkit/video.webm]]

[[ATTACHMENT|home-ホームページ-LINE認証リダイレクトが正常に動作する-webkit/error-context.md]]
]]>
</system-out>
</testcase>
<testcase name="ホームページ › パフォーマンス: ページ読み込み速度" classname="home.spec.ts" time="2.922">
</testcase>
<testcase name="ホームページ › アクセシビリティ: 基本的なランドマーク" classname="home.spec.ts" time="5.243">
<failure message="home.spec.ts:126:7 アクセシビリティ: 基本的なランドマーク" type="FAILURE">
<![CDATA[  [webkit] › home.spec.ts:126:7 › ホームページ › アクセシビリティ: 基本的なランドマーク ────────────────────────────────────

    Error: Timed out 5000ms waiting for expect(locator).toBeVisible()

    Locator: locator('main')
    Expected: visible
    Received: <element(s) not found>
    Call log:
      - Expect "toBeVisible" with timeout 5000ms
      - waiting for locator('main')


      126 |   test('アクセシビリティ: 基本的なランドマーク', async ({ page }) => {
      127 |     // main要素の存在確認
    > 128 |     await expect(page.locator('main')).toBeVisible()
          |                                        ^
      129 |     
      130 |     // ヘッダー要素の存在確認（実装に依存）
      131 |     const headers = page.locator('h1, h2, h3, h4, h5, h6')
        at /Users/atsukisakai/Desktop/bokcer-project/bocker/e2e/home.spec.ts:128:40

    attachment #1: screenshot (image/png) ──────────────────────────────────────────────────────────
    ../test-results/home-ホームページ-アクセシビリティ-基本的なランドマーク-webkit/test-failed-1.png
    ────────────────────────────────────────────────────────────────────────────────────────────────

    attachment #2: video (video/webm) ──────────────────────────────────────────────────────────────
    ../test-results/home-ホームページ-アクセシビリティ-基本的なランドマーク-webkit/video.webm
    ────────────────────────────────────────────────────────────────────────────────────────────────

    Error Context: ../test-results/home-ホームページ-アクセシビリティ-基本的なランドマーク-webkit/error-context.md
]]>
</failure>
<system-out>
<![CDATA[
[[ATTACHMENT|home-ホームページ-アクセシビリティ-基本的なランドマーク-webkit/test-failed-1.png]]

[[ATTACHMENT|home-ホームページ-アクセシビリティ-基本的なランドマーク-webkit/video.webm]]

[[ATTACHMENT|home-ホームページ-アクセシビリティ-基本的なランドマーク-webkit/error-context.md]]
]]>
</system-out>
</testcase>
<testcase name="ログイン機能 › Clerkログインフローが正常に動作する" classname="home.spec.ts" time="0.273">
<properties>
<property name="skip" value="ログインボタンが見つかりません - UI実装待ち">
</property>
</properties>
<skipped>
</skipped>
</testcase>
<testcase name="ログイン機能 › ダイレクトログインページアクセス" classname="home.spec.ts" time="10.325">
<failure message="home.spec.ts:199:7 ダイレクトログインページアクセス" type="FAILURE">
<![CDATA[  [webkit] › home.spec.ts:199:7 › ログイン機能 › ダイレクトログインページアクセス ────────────────────────────────────────

    TimeoutError: page.waitForSelector: Timeout 10000ms exceeded.
    Call log:
      - waiting for locator('input[name="identifier"], input[type="email"], input[data-testid="identifier-field"]') to be visible


      202 |     
      203 |     // Clerkのログインフォームが表示されるまで待機
    > 204 |     await page.waitForSelector('input[name="identifier"], input[type="email"], input[data-testid="identifier-field"]', { timeout: 10000 })
          |                ^
      205 |     
      206 |     // メールアドレスを入力
      207 |     const emailInput = page.locator('input[name="identifier"], input[type="email"], input[data-testid="identifier-field"]').first()
        at /Users/atsukisakai/Desktop/bokcer-project/bocker/e2e/home.spec.ts:204:16

    attachment #1: screenshot (image/png) ──────────────────────────────────────────────────────────
    ../test-results/home-ログイン機能-ダイレクトログインページアクセス-webkit/test-failed-1.png
    ────────────────────────────────────────────────────────────────────────────────────────────────

    attachment #2: video (video/webm) ──────────────────────────────────────────────────────────────
    ../test-results/home-ログイン機能-ダイレクトログインページアクセス-webkit/video.webm
    ────────────────────────────────────────────────────────────────────────────────────────────────

    Error Context: ../test-results/home-ログイン機能-ダイレクトログインページアクセス-webkit/error-context.md
]]>
</failure>
<system-out>
<![CDATA[
[[ATTACHMENT|home-ログイン機能-ダイレクトログインページアクセス-webkit/test-failed-1.png]]

[[ATTACHMENT|home-ログイン機能-ダイレクトログインページアクセス-webkit/video.webm]]

[[ATTACHMENT|home-ログイン機能-ダイレクトログインページアクセス-webkit/error-context.md]]
]]>
</system-out>
</testcase>
<testcase name="ログイン機能 › ログイン失敗時のエラーハンドリング" classname="home.spec.ts" time="10.218">
<failure message="home.spec.ts:234:7 ログイン失敗時のエラーハンドリング" type="FAILURE">
<![CDATA[  [webkit] › home.spec.ts:234:7 › ログイン機能 › ログイン失敗時のエラーハンドリング ───────────────────────────────────────

    TimeoutError: page.waitForSelector: Timeout 10000ms exceeded.
    Call log:
      - waiting for locator('input[name="identifier"], input[type="email"], input[data-testid="identifier-field"]') to be visible


      236 |     
      237 |     // Clerkのログインフォームが表示されるまで待機
    > 238 |     await page.waitForSelector('input[name="identifier"], input[type="email"], input[data-testid="identifier-field"]', { timeout: 10000 })
          |                ^
      239 |     
      240 |     // 無効なメールアドレスを入力
      241 |     const emailInput = page.locator('input[name="identifier"], input[type="email"], input[data-testid="identifier-field"]').first()
        at /Users/atsukisakai/Desktop/bokcer-project/bocker/e2e/home.spec.ts:238:16

    attachment #1: screenshot (image/png) ──────────────────────────────────────────────────────────
    ../test-results/home-ログイン機能-ログイン失敗時のエラーハンドリング-webkit/test-failed-1.png
    ────────────────────────────────────────────────────────────────────────────────────────────────

    attachment #2: video (video/webm) ──────────────────────────────────────────────────────────────
    ../test-results/home-ログイン機能-ログイン失敗時のエラーハンドリング-webkit/video.webm
    ────────────────────────────────────────────────────────────────────────────────────────────────

    Error Context: ../test-results/home-ログイン機能-ログイン失敗時のエラーハンドリング-webkit/error-context.md
]]>
</failure>
<system-out>
<![CDATA[
[[ATTACHMENT|home-ログイン機能-ログイン失敗時のエラーハンドリング-webkit/test-failed-1.png]]

[[ATTACHMENT|home-ログイン機能-ログイン失敗時のエラーハンドリング-webkit/video.webm]]

[[ATTACHMENT|home-ログイン機能-ログイン失敗時のエラーハンドリング-webkit/error-context.md]]
]]>
</system-out>
</testcase>
</testsuite>
<testsuite name="home.spec.ts" timestamp="2025-07-24T03:46:12.545Z" hostname="Mobile Chrome" tests="16" failures="6" skipped="1" time="69.676" errors="0">
<testcase name="ホームページ › ページが正しく読み込まれる" classname="home.spec.ts" time="5.376">
<failure message="home.spec.ts:9:7 ページが正しく読み込まれる" type="FAILURE">
<![CDATA[  [Mobile Chrome] › home.spec.ts:9:7 › ホームページ › ページが正しく読み込まれる ──────────────────────────────────────

    Error: Timed out 5000ms waiting for expect(page).toHaveTitle(expected)

    Expected pattern: /Bocker/
    Received string:  ""
    Call log:
      - Expect "toHaveTitle" with timeout 5000ms
        9 × unexpected value ""


       9 |   test('ページが正しく読み込まれる', async ({ page }) => {
      10 |     // ページタイトルを確認
    > 11 |     await expect(page).toHaveTitle(/Bocker/)
         |                        ^
      12 |     
      13 |     // メインセクションが存在することを確認
      14 |     await expect(page.locator('main')).toBeVisible()
        at /Users/atsukisakai/Desktop/bokcer-project/bocker/e2e/home.spec.ts:11:24

    attachment #1: screenshot (image/png) ──────────────────────────────────────────────────────────
    ../test-results/home-ホームページ-ページが正しく読み込まれる-Mobile-Chrome/test-failed-1.png
    ────────────────────────────────────────────────────────────────────────────────────────────────

    attachment #2: video (video/webm) ──────────────────────────────────────────────────────────────
    ../test-results/home-ホームページ-ページが正しく読み込まれる-Mobile-Chrome/video.webm
    ────────────────────────────────────────────────────────────────────────────────────────────────

    Error Context: ../test-results/home-ホームページ-ページが正しく読み込まれる-Mobile-Chrome/error-context.md
]]>
</failure>
<system-out>
<![CDATA[
[[ATTACHMENT|home-ホームページ-ページが正しく読み込まれる-Mobile-Chrome/test-failed-1.png]]

[[ATTACHMENT|home-ホームページ-ページが正しく読み込まれる-Mobile-Chrome/video.webm]]

[[ATTACHMENT|home-ホームページ-ページが正しく読み込まれる-Mobile-Chrome/error-context.md]]
]]>
</system-out>
</testcase>
<testcase name="ホームページ › ヘッダーコンポーネントが表示される" classname="home.spec.ts" time="5.284">
<failure message="home.spec.ts:17:7 ヘッダーコンポーネントが表示される" type="FAILURE">
<![CDATA[  [Mobile Chrome] › home.spec.ts:17:7 › ホームページ › ヘッダーコンポーネントが表示される ─────────────────────────────────

    Error: Timed out 5000ms waiting for expect(locator).toBeVisible()

    Locator: locator('header').first()
    Expected: visible
    Received: <element(s) not found>
    Call log:
      - Expect "toBeVisible" with timeout 5000ms
      - waiting for locator('header').first()


      18 |     // ヘッダーが存在することを確認
      19 |     const header = page.locator('header').first()
    > 20 |     await expect(header).toBeVisible()
         |                          ^
      21 |   })
      22 |
      23 |   test('ヒーローセクションが表示される', async ({ page }) => {
        at /Users/atsukisakai/Desktop/bokcer-project/bocker/e2e/home.spec.ts:20:26

    attachment #1: screenshot (image/png) ──────────────────────────────────────────────────────────
    ../test-results/home-ホームページ-ヘッダーコンポーネントが表示される-Mobile-Chrome/test-failed-1.png
    ────────────────────────────────────────────────────────────────────────────────────────────────

    attachment #2: video (video/webm) ──────────────────────────────────────────────────────────────
    ../test-results/home-ホームページ-ヘッダーコンポーネントが表示される-Mobile-Chrome/video.webm
    ────────────────────────────────────────────────────────────────────────────────────────────────

    Error Context: ../test-results/home-ホームページ-ヘッダーコンポーネントが表示される-Mobile-Chrome/error-context.md
]]>
</failure>
<system-out>
<![CDATA[
[[ATTACHMENT|home-ホームページ-ヘッダーコンポーネントが表示される-Mobile-Chrome/test-failed-1.png]]

[[ATTACHMENT|home-ホームページ-ヘッダーコンポーネントが表示される-Mobile-Chrome/video.webm]]

[[ATTACHMENT|home-ホームページ-ヘッダーコンポーネントが表示される-Mobile-Chrome/error-context.md]]
]]>
</system-out>
</testcase>
<testcase name="ホームページ › ヒーローセクションが表示される" classname="home.spec.ts" time="5.377">
<failure message="home.spec.ts:23:7 ヒーローセクションが表示される" type="FAILURE">
<![CDATA[  [Mobile Chrome] › home.spec.ts:23:7 › ホームページ › ヒーローセクションが表示される ───────────────────────────────────

    Error: Timed out 5000ms waiting for expect(locator).toBeVisible()

    Locator: locator('main')
    Expected: visible
    Received: <element(s) not found>
    Call log:
      - Expect "toBeVisible" with timeout 5000ms
      - waiting for locator('main')


      25 |     // 実際のコンテンツは_componentsフォルダのコンポーネントに依存するため、
      26 |     // より具体的なテストは_componentsの実装に基づいて調整が必要
    > 27 |     await expect(page.locator('main')).toBeVisible()
         |                                        ^
      28 |   })
      29 |
      30 |   test('フッターが表示される', async ({ page }) => {
        at /Users/atsukisakai/Desktop/bokcer-project/bocker/e2e/home.spec.ts:27:40

    attachment #1: screenshot (image/png) ──────────────────────────────────────────────────────────
    ../test-results/home-ホームページ-ヒーローセクションが表示される-Mobile-Chrome/test-failed-1.png
    ────────────────────────────────────────────────────────────────────────────────────────────────

    attachment #2: video (video/webm) ──────────────────────────────────────────────────────────────
    ../test-results/home-ホームページ-ヒーローセクションが表示される-Mobile-Chrome/video.webm
    ────────────────────────────────────────────────────────────────────────────────────────────────

    Error Context: ../test-results/home-ホームページ-ヒーローセクションが表示される-Mobile-Chrome/error-context.md
]]>
</failure>
<system-out>
<![CDATA[
[[ATTACHMENT|home-ホームページ-ヒーローセクションが表示される-Mobile-Chrome/test-failed-1.png]]

[[ATTACHMENT|home-ホームページ-ヒーローセクションが表示される-Mobile-Chrome/video.webm]]

[[ATTACHMENT|home-ホームページ-ヒーローセクションが表示される-Mobile-Chrome/error-context.md]]
]]>
</system-out>
</testcase>
<testcase name="ホームページ › フッターが表示される" classname="home.spec.ts" time="4.072">
</testcase>
<testcase name="ホームページ › スプラッシュスクリーンの動作" classname="home.spec.ts" time="4.781">
</testcase>
<testcase name="ホームページ › SEOメタタグが正しく設定されている" classname="home.spec.ts" time="6.06">
<failure message="home.spec.ts:49:7 SEOメタタグが正しく設定されている" type="FAILURE">
<![CDATA[  [Mobile Chrome] › home.spec.ts:49:7 › ホームページ › SEOメタタグが正しく設定されている ────────────────────────────────

    Error: Timed out 5000ms waiting for expect(locator).toHaveAttribute(expected)

    Locator: locator('meta[name="description"]')
    Expected pattern: /美容サロン|予約管理/
    Received string:  "Digitize your beauty salon management with real-time reservations, customer management, LINE integration, and payment systems. Next-generation SaaS platform for hair salons. 30-day free trial. Starting from $60/month."
    Call log:
      - Expect "toHaveAttribute" with timeout 5000ms
      - waiting for locator('meta[name="description"]')
        9 × locator resolved to <meta name="description" content="Digitize your beauty salon management with real-time reservations, customer management, LINE integration, and payment systems. Next-generation SaaS platform for hair salons. 30-day free trial. Starting from $60/month."/>
          - unexpected value "Digitize your beauty salon management with real-time reservations, customer management, LINE integration, and payment systems. Next-generation SaaS platform for hair salons. 30-day free trial. Starting from $60/month."


      50 |     // メタディスクリプションの確認
      51 |     const metaDescription = page.locator('meta[name="description"]')
    > 52 |     await expect(metaDescription).toHaveAttribute('content', /美容サロン|予約管理/)
         |                                   ^
      53 |     
      54 |     // OGPタグの確認
      55 |     const ogTitle = page.locator('meta[property="og:title"]')
        at /Users/atsukisakai/Desktop/bokcer-project/bocker/e2e/home.spec.ts:52:35

    attachment #1: screenshot (image/png) ──────────────────────────────────────────────────────────
    ../test-results/home-ホームページ-SEOメタタグが正しく設定されている-Mobile-Chrome/test-failed-1.png
    ────────────────────────────────────────────────────────────────────────────────────────────────

    attachment #2: video (video/webm) ──────────────────────────────────────────────────────────────
    ../test-results/home-ホームページ-SEOメタタグが正しく設定されている-Mobile-Chrome/video.webm
    ────────────────────────────────────────────────────────────────────────────────────────────────

    Error Context: ../test-results/home-ホームページ-SEOメタタグが正しく設定されている-Mobile-Chrome/error-context.md
]]>
</failure>
<system-out>
<![CDATA[
[[ATTACHMENT|home-ホームページ-SEOメタタグが正しく設定されている-Mobile-Chrome/test-failed-1.png]]

[[ATTACHMENT|home-ホームページ-SEOメタタグが正しく設定されている-Mobile-Chrome/video.webm]]

[[ATTACHMENT|home-ホームページ-SEOメタタグが正しく設定されている-Mobile-Chrome/error-context.md]]
]]>
</system-out>
</testcase>
<testcase name="ホームページ › 構造化データが含まれている" classname="home.spec.ts" time="0.946">
</testcase>
<testcase name="ホームページ › レスポンシブデザインが機能する" classname="home.spec.ts" time="3.924">
</testcase>
<testcase name="ホームページ › 多言語対応（日本語）" classname="home.spec.ts" time="1.297">
</testcase>
<testcase name="ホームページ › 多言語対応（英語）" classname="home.spec.ts" time="1.53">
</testcase>
<testcase name="ホームページ › LINE認証リダイレクトが正常に動作する" classname="home.spec.ts" time="6.536">
<failure message="home.spec.ts:99:7 LINE認証リダイレクトが正常に動作する" type="FAILURE">
<![CDATA[  [Mobile Chrome] › home.spec.ts:99:7 › ホームページ › LINE認証リダイレクトが正常に動作する ──────────────────────────────

    Error: Timed out 5000ms waiting for expect(page).toHaveURL(expected)

    Expected pattern: /\/reservation/
    Received string:  "http://localhost:3000/en?liff.state=%252Freservation%252Ftest&code=test-auth-code&state=test-state&liffClientId=test-client-id&liffRedirectUri=test-redirect-uri"
    Call log:
      - Expect "toHaveURL" with timeout 5000ms
        9 × unexpected value "http://localhost:3000/en?liff.state=%252Freservation%252Ftest&code=test-auth-code&state=test-state&liffClientId=test-client-id&liffRedirectUri=test-redirect-uri"


      111 |     
      112 |     // 予約ページにリダイレクトされることを確認
    > 113 |     await expect(page).toHaveURL(/\/reservation/)
          |                        ^
      114 |   })
      115 |
      116 |   test('パフォーマンス: ページ読み込み速度', async ({ page }) => {
        at /Users/atsukisakai/Desktop/bokcer-project/bocker/e2e/home.spec.ts:113:24

    attachment #1: screenshot (image/png) ──────────────────────────────────────────────────────────
    ../test-results/home-ホームページ-LINE認証リダイレクトが正常に動作する-Mobile-Chrome/test-failed-1.png
    ────────────────────────────────────────────────────────────────────────────────────────────────

    attachment #2: video (video/webm) ──────────────────────────────────────────────────────────────
    ../test-results/home-ホームページ-LINE認証リダイレクトが正常に動作する-Mobile-Chrome/video.webm
    ────────────────────────────────────────────────────────────────────────────────────────────────

    Error Context: ../test-results/home-ホームページ-LINE認証リダイレクトが正常に動作する-Mobile-Chrome/error-context.md
]]>
</failure>
<system-out>
<![CDATA[
[[ATTACHMENT|home-ホームページ-LINE認証リダイレクトが正常に動作する-Mobile-Chrome/test-failed-1.png]]

[[ATTACHMENT|home-ホームページ-LINE認証リダイレクトが正常に動作する-Mobile-Chrome/video.webm]]

[[ATTACHMENT|home-ホームページ-LINE認証リダイレクトが正常に動作する-Mobile-Chrome/error-context.md]]
]]>
</system-out>
</testcase>
<testcase name="ホームページ › パフォーマンス: ページ読み込み速度" classname="home.spec.ts" time="2.589">
</testcase>
<testcase name="ホームページ › アクセシビリティ: 基本的なランドマーク" classname="home.spec.ts" time="3.994">
</testcase>
<testcase name="ログイン機能 › Clerkログインフローが正常に動作する" classname="home.spec.ts" time="0.989">
<properties>
<property name="skip" value="ログインボタンが見つかりません - UI実装待ち">
</property>
</properties>
<skipped>
</skipped>
</testcase>
<testcase name="ログイン機能 › ダイレクトログインページアクセス" classname="home.spec.ts" time="15.971">
<failure message="home.spec.ts:199:7 ダイレクトログインページアクセス" type="FAILURE">
<![CDATA[  [Mobile Chrome] › home.spec.ts:199:7 › ログイン機能 › ダイレクトログインページアクセス ─────────────────────────────────

    TimeoutError: page.waitForURL: Timeout 15000ms exceeded.
    =========================== logs ===========================
    waiting for navigation until "load"
    ============================================================

      226 |     
      227 |     // ダッシュボードページに遷移されることを確認
    > 228 |     await page.waitForURL(/\/ja\/dashboard/, { timeout: 15000 })
          |                ^
      229 |     
      230 |     // ダッシュボードのコンテンツが表示されることを確認
      231 |     await expect(page.locator('main, [data-testid="dashboard"], body')).toBeVisible()
        at /Users/atsukisakai/Desktop/bokcer-project/bocker/e2e/home.spec.ts:228:16

    attachment #1: screenshot (image/png) ──────────────────────────────────────────────────────────
    ../test-results/home-ログイン機能-ダイレクトログインページアクセス-Mobile-Chrome/test-failed-1.png
    ────────────────────────────────────────────────────────────────────────────────────────────────

    attachment #2: video (video/webm) ──────────────────────────────────────────────────────────────
    ../test-results/home-ログイン機能-ダイレクトログインページアクセス-Mobile-Chrome/video.webm
    ────────────────────────────────────────────────────────────────────────────────────────────────

    Error Context: ../test-results/home-ログイン機能-ダイレクトログインページアクセス-Mobile-Chrome/error-context.md
]]>
</failure>
<system-out>
<![CDATA[
[[ATTACHMENT|home-ログイン機能-ダイレクトログインページアクセス-Mobile-Chrome/test-failed-1.png]]

[[ATTACHMENT|home-ログイン機能-ダイレクトログインページアクセス-Mobile-Chrome/video.webm]]

[[ATTACHMENT|home-ログイン機能-ダイレクトログインページアクセス-Mobile-Chrome/error-context.md]]
]]>
</system-out>
</testcase>
<testcase name="ログイン機能 › ログイン失敗時のエラーハンドリング" classname="home.spec.ts" time="0.95">
</testcase>
</testsuite>
<testsuite name="home.spec.ts" timestamp="2025-07-24T03:46:12.545Z" hostname="Mobile Safari" tests="16" failures="4" skipped="1" time="65.109" errors="0">
<testcase name="ホームページ › ページが正しく読み込まれる" classname="home.spec.ts" time="4.057">
</testcase>
<testcase name="ホームページ › ヘッダーコンポーネントが表示される" classname="home.spec.ts" time="4.162">
</testcase>
<testcase name="ホームページ › ヒーローセクションが表示される" classname="home.spec.ts" time="4.096">
</testcase>
<testcase name="ホームページ › フッターが表示される" classname="home.spec.ts" time="4.032">
</testcase>
<testcase name="ホームページ › スプラッシュスクリーンの動作" classname="home.spec.ts" time="1.39">
</testcase>
<testcase name="ホームページ › SEOメタタグが正しく設定されている" classname="home.spec.ts" time="6.177">
<failure message="home.spec.ts:49:7 SEOメタタグが正しく設定されている" type="FAILURE">
<![CDATA[  [Mobile Safari] › home.spec.ts:49:7 › ホームページ › SEOメタタグが正しく設定されている ────────────────────────────────

    Error: Timed out 5000ms waiting for expect(locator).toHaveAttribute(expected)

    Locator: locator('meta[name="description"]')
    Expected pattern: /美容サロン|予約管理/
    Received string:  "Digitize your beauty salon management with real-time reservations, customer management, LINE integration, and payment systems. Next-generation SaaS platform for hair salons. 30-day free trial. Starting from $60/month."
    Call log:
      - Expect "toHaveAttribute" with timeout 5000ms
      - waiting for locator('meta[name="description"]')
        9 × locator resolved to <meta name="description" content="Digitize your beauty salon management with real-time reservations, customer management, LINE integration, and payment systems. Next-generation SaaS platform for hair salons. 30-day free trial. Starting from $60/month."/>
          - unexpected value "Digitize your beauty salon management with real-time reservations, customer management, LINE integration, and payment systems. Next-generation SaaS platform for hair salons. 30-day free trial. Starting from $60/month."


      50 |     // メタディスクリプションの確認
      51 |     const metaDescription = page.locator('meta[name="description"]')
    > 52 |     await expect(metaDescription).toHaveAttribute('content', /美容サロン|予約管理/)
         |                                   ^
      53 |     
      54 |     // OGPタグの確認
      55 |     const ogTitle = page.locator('meta[property="og:title"]')
        at /Users/atsukisakai/Desktop/bokcer-project/bocker/e2e/home.spec.ts:52:35

    attachment #1: screenshot (image/png) ──────────────────────────────────────────────────────────
    ../test-results/home-ホームページ-SEOメタタグが正しく設定されている-Mobile-Safari/test-failed-1.png
    ────────────────────────────────────────────────────────────────────────────────────────────────

    attachment #2: video (video/webm) ──────────────────────────────────────────────────────────────
    ../test-results/home-ホームページ-SEOメタタグが正しく設定されている-Mobile-Safari/video.webm
    ────────────────────────────────────────────────────────────────────────────────────────────────

    Error Context: ../test-results/home-ホームページ-SEOメタタグが正しく設定されている-Mobile-Safari/error-context.md
]]>
</failure>
<system-out>
<![CDATA[
[[ATTACHMENT|home-ホームページ-SEOメタタグが正しく設定されている-Mobile-Safari/test-failed-1.png]]

[[ATTACHMENT|home-ホームページ-SEOメタタグが正しく設定されている-Mobile-Safari/video.webm]]

[[ATTACHMENT|home-ホームページ-SEOメタタグが正しく設定されている-Mobile-Safari/error-context.md]]
]]>
</system-out>
</testcase>
<testcase name="ホームページ › 構造化データが含まれている" classname="home.spec.ts" time="0.76">
</testcase>
<testcase name="ホームページ › レスポンシブデザインが機能する" classname="home.spec.ts" time="3.957">
</testcase>
<testcase name="ホームページ › 多言語対応（日本語）" classname="home.spec.ts" time="1.705">
</testcase>
<testcase name="ホームページ › 多言語対応（英語）" classname="home.spec.ts" time="1.372">
</testcase>
<testcase name="ホームページ › LINE認証リダイレクトが正常に動作する" classname="home.spec.ts" time="6.242">
<failure message="home.spec.ts:99:7 LINE認証リダイレクトが正常に動作する" type="FAILURE">
<![CDATA[  [Mobile Safari] › home.spec.ts:99:7 › ホームページ › LINE認証リダイレクトが正常に動作する ──────────────────────────────

    Error: Timed out 5000ms waiting for expect(page).toHaveURL(expected)

    Expected pattern: /\/reservation/
    Received string:  "http://localhost:3000/en?liff.state=%252Freservation%252Ftest&code=test-auth-code&state=test-state&liffClientId=test-client-id&liffRedirectUri=test-redirect-uri"
    Call log:
      - Expect "toHaveURL" with timeout 5000ms
        9 × unexpected value "http://localhost:3000/en?liff.state=%252Freservation%252Ftest&code=test-auth-code&state=test-state&liffClientId=test-client-id&liffRedirectUri=test-redirect-uri"


      111 |     
      112 |     // 予約ページにリダイレクトされることを確認
    > 113 |     await expect(page).toHaveURL(/\/reservation/)
          |                        ^
      114 |   })
      115 |
      116 |   test('パフォーマンス: ページ読み込み速度', async ({ page }) => {
        at /Users/atsukisakai/Desktop/bokcer-project/bocker/e2e/home.spec.ts:113:24

    attachment #1: screenshot (image/png) ──────────────────────────────────────────────────────────
    ../test-results/home-ホームページ-LINE認証リダイレクトが正常に動作する-Mobile-Safari/test-failed-1.png
    ────────────────────────────────────────────────────────────────────────────────────────────────

    attachment #2: video (video/webm) ──────────────────────────────────────────────────────────────
    ../test-results/home-ホームページ-LINE認証リダイレクトが正常に動作する-Mobile-Safari/video.webm
    ────────────────────────────────────────────────────────────────────────────────────────────────

    Error Context: ../test-results/home-ホームページ-LINE認証リダイレクトが正常に動作する-Mobile-Safari/error-context.md
]]>
</failure>
<system-out>
<![CDATA[
[[ATTACHMENT|home-ホームページ-LINE認証リダイレクトが正常に動作する-Mobile-Safari/test-failed-1.png]]

[[ATTACHMENT|home-ホームページ-LINE認証リダイレクトが正常に動作する-Mobile-Safari/video.webm]]

[[ATTACHMENT|home-ホームページ-LINE認証リダイレクトが正常に動作する-Mobile-Safari/error-context.md]]
]]>
</system-out>
</testcase>
<testcase name="ホームページ › パフォーマンス: ページ読み込み速度" classname="home.spec.ts" time="2.65">
</testcase>
<testcase name="ホームページ › アクセシビリティ: 基本的なランドマーク" classname="home.spec.ts" time="3.756">
</testcase>
<testcase name="ログイン機能 › Clerkログインフローが正常に動作する" classname="home.spec.ts" time="0.339">
<properties>
<property name="skip" value="ログインボタンが見つかりません - UI実装待ち">
</property>
</properties>
<skipped>
</skipped>
</testcase>
<testcase name="ログイン機能 › ダイレクトログインページアクセス" classname="home.spec.ts" time="10.217">
<failure message="home.spec.ts:199:7 ダイレクトログインページアクセス" type="FAILURE">
<![CDATA[  [Mobile Safari] › home.spec.ts:199:7 › ログイン機能 › ダイレクトログインページアクセス ─────────────────────────────────

    TimeoutError: page.waitForSelector: Timeout 10000ms exceeded.
    Call log:
      - waiting for locator('input[name="identifier"], input[type="email"], input[data-testid="identifier-field"]') to be visible


      202 |     
      203 |     // Clerkのログインフォームが表示されるまで待機
    > 204 |     await page.waitForSelector('input[name="identifier"], input[type="email"], input[data-testid="identifier-field"]', { timeout: 10000 })
          |                ^
      205 |     
      206 |     // メールアドレスを入力
      207 |     const emailInput = page.locator('input[name="identifier"], input[type="email"], input[data-testid="identifier-field"]').first()
        at /Users/atsukisakai/Desktop/bokcer-project/bocker/e2e/home.spec.ts:204:16

    attachment #1: screenshot (image/png) ──────────────────────────────────────────────────────────
    ../test-results/home-ログイン機能-ダイレクトログインページアクセス-Mobile-Safari/test-failed-1.png
    ────────────────────────────────────────────────────────────────────────────────────────────────

    attachment #2: video (video/webm) ──────────────────────────────────────────────────────────────
    ../test-results/home-ログイン機能-ダイレクトログインページアクセス-Mobile-Safari/video.webm
    ────────────────────────────────────────────────────────────────────────────────────────────────

    Error Context: ../test-results/home-ログイン機能-ダイレクトログインページアクセス-Mobile-Safari/error-context.md
]]>
</failure>
<system-out>
<![CDATA[
[[ATTACHMENT|home-ログイン機能-ダイレクトログインページアクセス-Mobile-Safari/test-failed-1.png]]

[[ATTACHMENT|home-ログイン機能-ダイレクトログインページアクセス-Mobile-Safari/video.webm]]

[[ATTACHMENT|home-ログイン機能-ダイレクトログインページアクセス-Mobile-Safari/error-context.md]]
]]>
</system-out>
</testcase>
<testcase name="ログイン機能 › ログイン失敗時のエラーハンドリング" classname="home.spec.ts" time="10.197">
<failure message="home.spec.ts:234:7 ログイン失敗時のエラーハンドリング" type="FAILURE">
<![CDATA[  [Mobile Safari] › home.spec.ts:234:7 › ログイン機能 › ログイン失敗時のエラーハンドリング ────────────────────────────────

    TimeoutError: page.waitForSelector: Timeout 10000ms exceeded.
    Call log:
      - waiting for locator('input[name="identifier"], input[type="email"], input[data-testid="identifier-field"]') to be visible


      236 |     
      237 |     // Clerkのログインフォームが表示されるまで待機
    > 238 |     await page.waitForSelector('input[name="identifier"], input[type="email"], input[data-testid="identifier-field"]', { timeout: 10000 })
          |                ^
      239 |     
      240 |     // 無効なメールアドレスを入力
      241 |     const emailInput = page.locator('input[name="identifier"], input[type="email"], input[data-testid="identifier-field"]').first()
        at /Users/atsukisakai/Desktop/bokcer-project/bocker/e2e/home.spec.ts:238:16

    attachment #1: screenshot (image/png) ──────────────────────────────────────────────────────────
    ../test-results/home-ログイン機能-ログイン失敗時のエラーハンドリング-Mobile-Safari/test-failed-1.png
    ────────────────────────────────────────────────────────────────────────────────────────────────

    attachment #2: video (video/webm) ──────────────────────────────────────────────────────────────
    ../test-results/home-ログイン機能-ログイン失敗時のエラーハンドリング-Mobile-Safari/video.webm
    ────────────────────────────────────────────────────────────────────────────────────────────────

    Error Context: ../test-results/home-ログイン機能-ログイン失敗時のエラーハンドリング-Mobile-Safari/error-context.md
]]>
</failure>
<system-out>
<![CDATA[
[[ATTACHMENT|home-ログイン機能-ログイン失敗時のエラーハンドリング-Mobile-Safari/test-failed-1.png]]

[[ATTACHMENT|home-ログイン機能-ログイン失敗時のエラーハンドリング-Mobile-Safari/video.webm]]

[[ATTACHMENT|home-ログイン機能-ログイン失敗時のエラーハンドリング-Mobile-Safari/error-context.md]]
]]>
</system-out>
</testcase>
</testsuite>
</testsuites>